<?xml version="1.0"?><testsuites><testsuite errors="0" failures="0" skipped="0" name="Elixir.ResultTest" tests="10" time="0.0009"><properties><property name="date" value="2025-04-22T18:06:05.735935Z"/><property name="seed" value="720410"/></properties><testcase file="test/neko_auth_web/logic/errors/result_test.exs" classname="Elixir.ResultTest" name="test get_error/1 returns the error message for {:error, message}" time="0.0000"/><testcase file="test/neko_auth_web/logic/errors/result_test.exs" classname="Elixir.ResultTest" name="test is_err/1 returns false for a success result" time="0.0000"/><testcase file="test/neko_auth_web/logic/errors/result_test.exs" classname="Elixir.ResultTest" name="test get_error/1 raises for {:ok, _}" time="0.0000"/><testcase file="test/neko_auth_web/logic/errors/result_test.exs" classname="Elixir.ResultTest" name="test get_error/1 returns nil if no message was set" time="0.0000"/><testcase file="test/neko_auth_web/logic/errors/result_test.exs" classname="Elixir.ResultTest" name="test from/1 wraps a value in {:ok, value}" time="0.0000"/><testcase file="test/neko_auth_web/logic/errors/result_test.exs" classname="Elixir.ResultTest" name="test err/1 wraps a message in {:error, message}" time="0.0000"/><testcase file="test/neko_auth_web/logic/errors/result_test.exs" classname="Elixir.ResultTest" name="test get_value/1 raises for {:error, _}" time="0.0009"/><testcase file="test/neko_auth_web/logic/errors/result_test.exs" classname="Elixir.ResultTest" name="test err/1 defaults to {:error, nil} when no message is given" time="0.0000"/><testcase file="test/neko_auth_web/logic/errors/result_test.exs" classname="Elixir.ResultTest" name="test get_value/1 returns the value for {:ok, value}" time="0.0000"/><testcase file="test/neko_auth_web/logic/errors/result_test.exs" classname="Elixir.ResultTest" name="test is_err/1 returns true for an error result" time="0.0000"/></testsuite><testsuite errors="0" failures="0" skipped="0" name="Elixir.DomainValidatorTest" tests="18" time="0.0001"><properties><property name="date" value="2025-04-22T18:06:05.735935Z"/><property name="seed" value="720410"/></properties><testcase file="test/neko_auth_web/logic/domains/domain_validator_test.exs" classname="Elixir.DomainValidatorTest" name="test validate/2 - regex validates regex match" time="0.0000"/><testcase file="test/neko_auth_web/logic/domains/domain_validator_test.exs" classname="Elixir.DomainValidatorTest" name="test validate/2 - min_length and max_length validates string length" time="0.0000"/><testcase file="test/neko_auth_web/logic/domains/domain_validator_test.exs" classname="Elixir.DomainValidatorTest" name="test validate/2 - combined fails if one constraint fails" time="0.0000"/><testcase file="test/neko_auth_web/logic/domains/domain_validator_test.exs" classname="Elixir.DomainValidatorTest" name="test validate/2 - exists_in validates value is in list" time="0.0000"/><testcase file="test/neko_auth_web/logic/domains/domain_validator_test.exs" classname="Elixir.DomainValidatorTest" name="test validate/2 - nullable passes when value is nil and nullable is true" time="0.0000"/><testcase file="test/neko_auth_web/logic/domains/domain_validator_test.exs" classname="Elixir.DomainValidatorTest" name="test validate/2 - regex fails when no regex match" time="0.0000"/><testcase file="test/neko_auth_web/logic/domains/domain_validator_test.exs" classname="Elixir.DomainValidatorTest" name="test validate/2 - combined passes with multiple valid constraints" time="0.0000"/><testcase file="test/neko_auth_web/logic/domains/domain_validator_test.exs" classname="Elixir.DomainValidatorTest" name="test validate/2 - nullable fails when value is nil and nullable is false" time="0.0000"/><testcase file="test/neko_auth_web/logic/domains/domain_validator_test.exs" classname="Elixir.DomainValidatorTest" name="test new/1 creates a new validator struct" time="0.0000"/><testcase file="test/neko_auth_web/logic/domains/domain_validator_test.exs" classname="Elixir.DomainValidatorTest" name="test validate/2 - exists_in fails when value not in list" time="0.0000"/><testcase file="test/neko_auth_web/logic/domains/domain_validator_test.exs" classname="Elixir.DomainValidatorTest" name="test validate/2 - min_value and max_value validates a value within min and max" time="0.0000"/><testcase file="test/neko_auth_web/logic/domains/domain_validator_test.exs" classname="Elixir.DomainValidatorTest" name="test validate/2 - valid_url validates a proper URL" time="0.0000"/><testcase file="test/neko_auth_web/logic/domains/domain_validator_test.exs" classname="Elixir.DomainValidatorTest" name="test validate/2 - min_length and max_length fails when too long" time="0.0000"/><testcase file="test/neko_auth_web/logic/domains/domain_validator_test.exs" classname="Elixir.DomainValidatorTest" name="test validate/2 - is_number fails on non-numeric string" time="0.0000"/><testcase file="test/neko_auth_web/logic/domains/domain_validator_test.exs" classname="Elixir.DomainValidatorTest" name="test validate/2 - min_value and max_value fails when below min" time="0.0000"/><testcase file="test/neko_auth_web/logic/domains/domain_validator_test.exs" classname="Elixir.DomainValidatorTest" name="test validate/2 - min_length and max_length fails when too short" time="0.0000"/><testcase file="test/neko_auth_web/logic/domains/domain_validator_test.exs" classname="Elixir.DomainValidatorTest" name="test validate/2 - is_number validates numeric string" time="0.0000"/><testcase file="test/neko_auth_web/logic/domains/domain_validator_test.exs" classname="Elixir.DomainValidatorTest" name="test validate/2 - min_value and max_value fails when above max" time="0.0000"/></testsuite><testsuite errors="0" failures="0" skipped="0" name="Elixir.NekoAuthWeb.OAuthControllerTest" tests="4" time="0.0482"><properties><property name="date" value="2025-04-22T18:06:05.735935Z"/><property name="seed" value="720410"/></properties><testcase file="test/neko_auth_web/controllers/oauth_controller_test.exs" classname="Elixir.NekoAuthWeb.OAuthControllerTest" name="test GET /api/v2/authorize redirects to login URL on valid parameters" time="0.0004"/><testcase file="test/neko_auth_web/controllers/oauth_controller_test.exs" classname="Elixir.NekoAuthWeb.OAuthControllerTest" name="test GET /api/v2/authorize returns 400 on missing required parameters" time="0.0004"/><testcase file="test/neko_auth_web/controllers/oauth_controller_test.exs" classname="Elixir.NekoAuthWeb.OAuthControllerTest" name="test GET /api/v2/authorize returns 400 on invalid parameters" time="0.0005"/><testcase file="test/neko_auth_web/controllers/oauth_controller_test.exs" classname="Elixir.NekoAuthWeb.OAuthControllerTest" name="test GET /api/v2/authorize returns 400 when only code_challenge is provided" time="0.0469"/></testsuite></testsuites>